# JRE version: Java(TM) SE Runtime Environment (11.0.2+9) (build 11.0.2+9-LTS)
# Java VM: Java HotSpot(TM) 64-Bit Server VM (11.0.2+9-LTS, mixed mode, tiered, compressed oops, g1 gc, windows-amd64)
Heap:
 garbage-first heap   total 114688K, used 18013K [0x0000000090000000, 0x0000000100000000)
  region size 1024K, 4 young (4096K), 4 survivors (4096K)
 Metaspace       used 26890K, capacity 27574K, committed 27648K, reserved 1081344K
  class space    used 2750K, capacity 3043K, committed 3072K, reserved 1048576K
GC Heap History (10 events):
Event: 14.723 GC heap before
{Heap before GC invocations=4 (full 0):
 garbage-first heap   total 114688K, used 33440K [0x0000000090000000, 0x0000000100000000)
  region size 1024K, 27 young (27648K), 3 survivors (3072K)
 Metaspace       used 18366K, capacity 19018K, committed 19328K, reserved 1067008K
  class space    used 1888K, capacity 2105K, committed 2176K, reserved 1048576K
}
Event: 14.736 GC heap after
{Heap after GC invocations=5 (full 0):
 garbage-first heap   total 114688K, used 10509K [0x0000000090000000, 0x0000000100000000)
  region size 1024K, 2 young (2048K), 2 survivors (2048K)
 Metaspace       used 18366K, capacity 19018K, committed 19328K, reserved 1067008K
  class space    used 1888K, capacity 2105K, committed 2176K, reserved 1048576K
}
Event: 15.372 GC heap before
{Heap before GC invocations=5 (full 0):
 garbage-first heap   total 114688K, used 24845K [0x0000000090000000, 0x0000000100000000)
  region size 1024K, 17 young (17408K), 2 survivors (2048K)
 Metaspace       used 20503K, capacity 21193K, committed 21296K, reserved 1069056K
  class space    used 2147K, capacity 2404K, committed 2432K, reserved 1048576K
}
Event: 15.381 GC heap after
{Heap after GC invocations=6 (full 0):
 garbage-first heap   total 114688K, used 11233K [0x0000000090000000, 0x0000000100000000)
  region size 1024K, 3 young (3072K), 3 survivors (3072K)
 Metaspace       used 20503K, capacity 21193K, committed 21296K, reserved 1069056K
  class space    used 2147K, capacity 2404K, committed 2432K, reserved 1048576K
}
Event: 20.156 GC heap before
{Heap before GC invocations=7 (full 0):
 garbage-first heap   total 114688K, used 57313K [0x0000000090000000, 0x0000000100000000)
  region size 1024K, 48 young (49152K), 3 survivors (3072K)
 Metaspace       used 26051K, capacity 26774K, committed 26880K, reserved 1073152K
  class space    used 2743K, capacity 3034K, committed 3072K, reserved 1048576K
}
Event: 20.174 GC heap after
{Heap after GC invocations=8 (full 0):
 garbage-first heap   total 114688K, used 14292K [0x0000000090000000, 0x0000000100000000)
  region size 1024K, 6 young (6144K), 6 survivors (6144K)
 Metaspace       used 26051K, capacity 26774K, committed 26880K, reserved 1073152K
  class space    used 2743K, capacity 3034K, committed 3072K, reserved 1048576K
}
Event: 25.429 GC heap before
{Heap before GC invocations=8 (full 0):
 garbage-first heap   total 114688K, used 66516K [0x0000000090000000, 0x0000000100000000)
  region size 1024K, 57 young (58368K), 6 survivors (6144K)
 Metaspace       used 26614K, capacity 27301K, committed 27392K, reserved 1073152K
  class space    used 2747K, capacity 3038K, committed 3072K, reserved 1048576K
}
Event: 25.452 GC heap after
{Heap after GC invocations=9 (full 0):
 garbage-first heap   total 114688K, used 16785K [0x0000000090000000, 0x0000000100000000)
  region size 1024K, 7 young (7168K), 7 survivors (7168K)
 Metaspace       used 26614K, capacity 27301K, committed 27392K, reserved 1073152K
  class space    used 2747K, capacity 3038K, committed 3072K, reserved 1048576K
}
Event: 30.174 GC heap before
{Heap before GC invocations=9 (full 0):
 garbage-first heap   total 114688K, used 37265K [0x0000000090000000, 0x0000000100000000)
  region size 1024K, 28 young (28672K), 7 survivors (7168K)
 Metaspace       used 26890K, capacity 27574K, committed 27648K, reserved 1079296K
  class space    used 2750K, capacity 3043K, committed 3072K, reserved 1048576K
}
Event: 30.213 GC heap after
{Heap after GC invocations=10 (full 0):
 garbage-first heap   total 114688K, used 18013K [0x0000000090000000, 0x0000000100000000)
  region size 1024K, 4 young (4096K), 4 survivors (4096K)
 Metaspace       used 26890K, capacity 27574K, committed 27648K, reserved 1079296K
  class space    used 2750K, capacity 3043K, committed 3072K, reserved 1048576K
}

